<?xml version="1.0" encoding="UTF-8"?>
<!-- Generated by org.testng.reporters.JUnitReportReporter -->
<testsuite skipped="0" hostname="DESKTOP-JOQOITR" name="cucumberOptions.TestRunner" tests="1" failures="0" timestamp="2020-12-04T01:30:58 GMT" time="38.483" errors="0">
  <testcase name="feature" time="38.483" classname="cucumberOptions.TestRunner"/>
  <system-out/>
</testsuite> <!-- cucumberOptions.TestRunner -->
